-------------------------------------------------------------------------------
Test set: com.meet.restapicliente.RestapiclienteApplicationTests
-------------------------------------------------------------------------------
Tests run: 1, Failures: 0, Errors: 1, Skipped: 0, Time elapsed: 4.001 s <<< FAILURE! - in com.meet.restapicliente.RestapiclienteApplicationTests
contextLoads  Time elapsed: 0 s  <<< ERROR!
java.lang.IllegalStateException: Failed to load ApplicationContext
Caused by: org.springframework.beans.factory.BeanCreationException: 
Error creating bean with name 'dataSourceScriptDatabaseInitializer' defined in class path resource [org/springframework/boot/autoconfigure/sql/init/DataSourceInitializationConfiguration.class]: Invocation of init method failed; nested exception is org.springframework.jdbc.datasource.init.UncategorizedScriptException: Failed to execute database script; nested exception is org.springframework.jdbc.CannotGetJdbcConnectionException: Failed to obtain JDBC Connection; nested exception is org.h2.jdbc.JdbcSQLNonTransientConnectionException: La base de datos puede que ya esté siendo utilizada: "D:/Usuarios/operador48/Desktop/tarea java coder/restapicliente/data/coderHouse.mv.db". Soluciones Posibles: cierre todas las otras conexiones; use el modo server
Database may be already in use: "D:/Usuarios/operador48/Desktop/tarea java coder/restapicliente/data/coderHouse.mv.db". Possible solutions: close all other connection(s); use the server mode [90020-214]
Caused by: org.springframework.jdbc.datasource.init.UncategorizedScriptException: 
Failed to execute database script; nested exception is org.springframework.jdbc.CannotGetJdbcConnectionException: Failed to obtain JDBC Connection; nested exception is org.h2.jdbc.JdbcSQLNonTransientConnectionException: La base de datos puede que ya esté siendo utilizada: "D:/Usuarios/operador48/Desktop/tarea java coder/restapicliente/data/coderHouse.mv.db". Soluciones Posibles: cierre todas las otras conexiones; use el modo server
Database may be already in use: "D:/Usuarios/operador48/Desktop/tarea java coder/restapicliente/data/coderHouse.mv.db". Possible solutions: close all other connection(s); use the server mode [90020-214]
Caused by: org.springframework.jdbc.CannotGetJdbcConnectionException: 
Failed to obtain JDBC Connection; nested exception is org.h2.jdbc.JdbcSQLNonTransientConnectionException: La base de datos puede que ya esté siendo utilizada: "D:/Usuarios/operador48/Desktop/tarea java coder/restapicliente/data/coderHouse.mv.db". Soluciones Posibles: cierre todas las otras conexiones; use el modo server
Database may be already in use: "D:/Usuarios/operador48/Desktop/tarea java coder/restapicliente/data/coderHouse.mv.db". Possible solutions: close all other connection(s); use the server mode [90020-214]
Caused by: org.h2.jdbc.JdbcSQLNonTransientConnectionException: 
La base de datos puede que ya esté siendo utilizada: "D:/Usuarios/operador48/Desktop/tarea java coder/restapicliente/data/coderHouse.mv.db". Soluciones Posibles: cierre todas las otras conexiones; use el modo server
Database may be already in use: "D:/Usuarios/operador48/Desktop/tarea java coder/restapicliente/data/coderHouse.mv.db". Possible solutions: close all other connection(s); use the server mode [90020-214]
Caused by: org.h2.mvstore.MVStoreException: The file is locked: D:/Usuarios/operador48/Desktop/tarea java coder/restapicliente/data/coderHouse.mv.db [2.1.214/7]

